2022-12-22 20:12:181 INFO  HomePage :38 - Mouse Hover No Click: [[ChromeDriver: chrome on WINDOWS (7691b89686fc726bf586daed5baea63f)] -> xpath: //a[normalize-space()='buy + sell']]
2022-12-22 20:12:716 INFO  HomePage :42 - clicking on search cars :[[ChromeDriver: chrome on WINDOWS (7691b89686fc726bf586daed5baea63f)] -> xpath: //a[normalize-space()='Search Cars']]
2022-12-22 20:12:954 INFO  SearchPage :43 - Selecting make from drop down :[[ChromeDriver: chrome on WINDOWS (7691b89686fc726bf586daed5baea63f)] -> xpath: //select[@id='makes']]
2022-12-22 20:12:162 INFO  SearchPage :48 - Selecting model from drop down :[[ChromeDriver: chrome on WINDOWS (7691b89686fc726bf586daed5baea63f)] -> xpath: //select[@id='models']]
2022-12-22 20:12:924 INFO  HomePage :38 - Mouse Hover No Click: [[ChromeDriver: chrome on WINDOWS (37c990eb3a2ffe35cc1ed61f0b0bce61)] -> xpath: //a[normalize-space()='buy + sell']]
2022-12-22 20:12:291 INFO  HomePage :42 - clicking on search cars :[[ChromeDriver: chrome on WINDOWS (37c990eb3a2ffe35cc1ed61f0b0bce61)] -> xpath: //a[normalize-space()='Search Cars']]
2022-12-22 20:12:592 INFO  SearchPage :43 - Selecting make from drop down :[[ChromeDriver: chrome on WINDOWS (37c990eb3a2ffe35cc1ed61f0b0bce61)] -> xpath: //select[@id='makes']]
2022-12-22 20:12:788 INFO  SearchPage :48 - Selecting model from drop down :[[ChromeDriver: chrome on WINDOWS (37c990eb3a2ffe35cc1ed61f0b0bce61)] -> xpath: //select[@id='models']]
2022-12-22 20:12:534 INFO  HomePage :38 - Mouse Hover No Click: [[ChromeDriver: chrome on WINDOWS (7620e431b1bc01fcc080a2cb01b02516)] -> xpath: //a[normalize-space()='buy + sell']]
2022-12-22 20:12:849 INFO  HomePage :42 - clicking on search cars :[[ChromeDriver: chrome on WINDOWS (7620e431b1bc01fcc080a2cb01b02516)] -> xpath: //a[normalize-space()='Search Cars']]
2022-12-22 20:12:284 INFO  SearchPage :43 - Selecting make from drop down :[[ChromeDriver: chrome on WINDOWS (7620e431b1bc01fcc080a2cb01b02516)] -> xpath: //select[@id='makes']]
2022-12-22 20:12:538 INFO  SearchPage :48 - Selecting model from drop down :[[ChromeDriver: chrome on WINDOWS (7620e431b1bc01fcc080a2cb01b02516)] -> xpath: //select[@id='models']]
2022-12-22 20:12:100 INFO  HomePage :38 - Mouse Hover No Click: [[ChromeDriver: chrome on WINDOWS (4943aaa143cd1097a5b7f6cdf9fd3004)] -> xpath: //a[normalize-space()='buy + sell']]
2022-12-22 20:12:526 INFO  HomePage :42 - clicking on search cars :[[ChromeDriver: chrome on WINDOWS (4943aaa143cd1097a5b7f6cdf9fd3004)] -> xpath: //a[normalize-space()='Search Cars']]
2022-12-22 20:12:766 INFO  SearchPage :43 - Selecting make from drop down :[[ChromeDriver: chrome on WINDOWS (4943aaa143cd1097a5b7f6cdf9fd3004)] -> xpath: //select[@id='makes']]
2022-12-22 20:12:299 INFO  SearchPage :48 - Selecting model from drop down :[[ChromeDriver: chrome on WINDOWS (4943aaa143cd1097a5b7f6cdf9fd3004)] -> xpath: //select[@id='models']]
2022-12-22 20:12:204 INFO  HomePage :38 - Mouse Hover No Click: [[ChromeDriver: chrome on WINDOWS (75af56ffde836662221f7224619bcae8)] -> xpath: //a[normalize-space()='buy + sell']]
2022-12-22 20:12:436 INFO  HomePage :42 - clicking on search cars :[[ChromeDriver: chrome on WINDOWS (75af56ffde836662221f7224619bcae8)] -> xpath: //a[normalize-space()='Search Cars']]
2022-12-22 20:12:17 INFO  SearchPage :43 - Selecting make from drop down :[[ChromeDriver: chrome on WINDOWS (75af56ffde836662221f7224619bcae8)] -> xpath: //select[@id='makes']]
2022-12-22 20:12:474 INFO  HomePage :38 - Mouse Hover No Click: [[ChromeDriver: chrome on WINDOWS (d7c02abcd9e0e3b18272bc643b37ca5a)] -> xpath: //a[normalize-space()='buy + sell']]
2022-12-22 20:12:120 INFO  HomePage :42 - clicking on search cars :[[ChromeDriver: chrome on WINDOWS (d7c02abcd9e0e3b18272bc643b37ca5a)] -> xpath: //a[normalize-space()='Search Cars']]
2022-12-22 20:12:411 INFO  SearchPage :43 - Selecting make from drop down :[[ChromeDriver: chrome on WINDOWS (d7c02abcd9e0e3b18272bc643b37ca5a)] -> xpath: //select[@id='makes']]
2022-12-22 20:12:923 INFO  SearchPage :48 - Selecting model from drop down :[[ChromeDriver: chrome on WINDOWS (d7c02abcd9e0e3b18272bc643b37ca5a)] -> xpath: //select[@id='models']]
2022-12-22 20:12:952 INFO  HomePage :38 - Mouse Hover No Click: [[ChromeDriver: chrome on WINDOWS (e3737b2da074f00308dbe400794d1e5b)] -> xpath: //a[normalize-space()='buy + sell']]
2022-12-22 20:12:385 INFO  HomePage :47 - clicking on Used :[[ChromeDriver: chrome on WINDOWS (e3737b2da074f00308dbe400794d1e5b)] -> xpath: //a[normalize-space()='Used']]
2022-12-22 20:12:766 INFO  HomePage :38 - Mouse Hover No Click: [[ChromeDriver: chrome on WINDOWS (6296c1b974f8e0e10e316b4db1708403)] -> xpath: //a[normalize-space()='buy + sell']]
2022-12-22 20:12:575 INFO  HomePage :47 - clicking on Used :[[ChromeDriver: chrome on WINDOWS (6296c1b974f8e0e10e316b4db1708403)] -> xpath: //a[normalize-space()='Used']]
2022-12-22 20:12:307 INFO  SearchPage :43 - Selecting make from drop down :[[ChromeDriver: chrome on WINDOWS (6296c1b974f8e0e10e316b4db1708403)] -> xpath: //select[@id='makes']]
2022-12-22 20:12:589 INFO  SearchPage :48 - Selecting model from drop down :[[ChromeDriver: chrome on WINDOWS (6296c1b974f8e0e10e316b4db1708403)] -> xpath: //select[@id='models']]
2022-12-22 20:12:766 INFO  SearchPage :53 - Selecting location from drop down :[[ChromeDriver: chrome on WINDOWS (6296c1b974f8e0e10e316b4db1708403)] -> xpath: //select[@id='locations']]
2022-12-22 20:12:11 INFO  SearchPage :57 - Selecting price from drop down :[[ChromeDriver: chrome on WINDOWS (6296c1b974f8e0e10e316b4db1708403)] -> xpath: //select[@id='priceTo']]
2022-12-22 20:12:144 INFO  SearchPage :61 - clicking on used :[[ChromeDriver: chrome on WINDOWS (6296c1b974f8e0e10e316b4db1708403)] -> xpath: //input[@id='search-submit']]
2022-12-22 20:12:297 INFO  SearchPage :65 - verifying the result :Proxy element for: DefaultElementLocator 'By.xpath: //span[contains(text(),'We did find these cars that almost match your crit')]'
2022-12-22 20:12:184 INFO  HomePage :38 - Mouse Hover No Click: [[ChromeDriver: chrome on WINDOWS (63e07f766d72ef7068818e30f0247c42)] -> xpath: //a[normalize-space()='buy + sell']]
2022-12-22 20:12:884 INFO  HomePage :47 - clicking on Used :[[ChromeDriver: chrome on WINDOWS (63e07f766d72ef7068818e30f0247c42)] -> xpath: //a[normalize-space()='Used']]
2022-12-22 20:12:608 INFO  SearchPage :43 - Selecting make from drop down :[[ChromeDriver: chrome on WINDOWS (63e07f766d72ef7068818e30f0247c42)] -> xpath: //select[@id='makes']]
2022-12-22 20:12:919 INFO  SearchPage :48 - Selecting model from drop down :[[ChromeDriver: chrome on WINDOWS (63e07f766d72ef7068818e30f0247c42)] -> xpath: //select[@id='models']]
2022-12-22 20:12:90 INFO  SearchPage :53 - Selecting location from drop down :[[ChromeDriver: chrome on WINDOWS (63e07f766d72ef7068818e30f0247c42)] -> xpath: //select[@id='locations']]
2022-12-22 20:12:309 INFO  SearchPage :57 - Selecting price from drop down :[[ChromeDriver: chrome on WINDOWS (63e07f766d72ef7068818e30f0247c42)] -> xpath: //select[@id='priceTo']]
2022-12-22 20:12:858 INFO  SearchPage :61 - clicking on used :[[ChromeDriver: chrome on WINDOWS (63e07f766d72ef7068818e30f0247c42)] -> xpath: //input[@id='search-submit']]
2022-12-22 20:12:912 INFO  SearchPage :65 - verifying the result :[[ChromeDriver: chrome on WINDOWS (63e07f766d72ef7068818e30f0247c42)] -> xpath: //span[contains(text(),'We did find these cars that almost match your crit')]]
2022-12-22 20:12:881 INFO  HomePage :38 - Mouse Hover No Click: [[ChromeDriver: chrome on WINDOWS (1f85fbac1a7fd9edf244499c54ba066f)] -> xpath: //a[normalize-space()='buy + sell']]
2022-12-22 20:12:907 INFO  HomePage :47 - clicking on Used :[[ChromeDriver: chrome on WINDOWS (1f85fbac1a7fd9edf244499c54ba066f)] -> xpath: //a[normalize-space()='Used']]
2022-12-22 20:12:689 INFO  SearchPage :43 - Selecting make from drop down :[[ChromeDriver: chrome on WINDOWS (1f85fbac1a7fd9edf244499c54ba066f)] -> xpath: //select[@id='makes']]
2022-12-22 20:12:60 INFO  SearchPage :48 - Selecting model from drop down :[[ChromeDriver: chrome on WINDOWS (1f85fbac1a7fd9edf244499c54ba066f)] -> xpath: //select[@id='models']]
2022-12-22 20:12:244 INFO  SearchPage :53 - Selecting location from drop down :[[ChromeDriver: chrome on WINDOWS (1f85fbac1a7fd9edf244499c54ba066f)] -> xpath: //select[@id='locations']]
2022-12-22 20:12:432 INFO  SearchPage :57 - Selecting price from drop down :[[ChromeDriver: chrome on WINDOWS (1f85fbac1a7fd9edf244499c54ba066f)] -> xpath: //select[@id='priceTo']]
2022-12-22 20:12:999 INFO  SearchPage :61 - clicking on used :[[ChromeDriver: chrome on WINDOWS (1f85fbac1a7fd9edf244499c54ba066f)] -> xpath: //input[@id='search-submit']]
2022-12-22 20:12:105 INFO  SearchPage :65 - verifying the result :Proxy element for: DefaultElementLocator 'By.xpath: //span[contains(text(),'We did find these cars that almost match your crit')]'
2022-12-22 20:12:652 INFO  HomePage :38 - Mouse Hover No Click: [[ChromeDriver: chrome on WINDOWS (9d7510a8c1963d24cd94738138c90e77)] -> xpath: //a[normalize-space()='buy + sell']]
2022-12-22 20:12:399 INFO  HomePage :47 - clicking on Used :[[ChromeDriver: chrome on WINDOWS (9d7510a8c1963d24cd94738138c90e77)] -> xpath: //a[normalize-space()='Used']]
2022-12-22 20:12:193 INFO  SearchPage :43 - Selecting make from drop down :[[ChromeDriver: chrome on WINDOWS (9d7510a8c1963d24cd94738138c90e77)] -> xpath: //select[@id='makes']]
2022-12-22 20:12:669 INFO  HomePage :38 - Mouse Hover No Click: [[ChromeDriver: chrome on WINDOWS (e88de055aa1bdb72cf6270b17716ad9e)] -> xpath: //a[normalize-space()='buy + sell']]
2022-12-22 20:12:565 INFO  HomePage :47 - clicking on Used :[[ChromeDriver: chrome on WINDOWS (e88de055aa1bdb72cf6270b17716ad9e)] -> xpath: //a[normalize-space()='Used']]
2022-12-22 20:12:243 INFO  SearchPage :43 - Selecting make from drop down :[[ChromeDriver: chrome on WINDOWS (e88de055aa1bdb72cf6270b17716ad9e)] -> xpath: //select[@id='makes']]
2022-12-22 20:12:506 INFO  SearchPage :48 - Selecting model from drop down :[[ChromeDriver: chrome on WINDOWS (e88de055aa1bdb72cf6270b17716ad9e)] -> xpath: //select[@id='models']]
2022-12-22 20:12:725 INFO  SearchPage :53 - Selecting location from drop down :[[ChromeDriver: chrome on WINDOWS (e88de055aa1bdb72cf6270b17716ad9e)] -> xpath: //select[@id='locations']]
2022-12-22 20:12:893 INFO  SearchPage :57 - Selecting price from drop down :[[ChromeDriver: chrome on WINDOWS (e88de055aa1bdb72cf6270b17716ad9e)] -> xpath: //select[@id='priceTo']]
2022-12-22 20:12:695 INFO  SearchPage :61 - clicking on used :[[ChromeDriver: chrome on WINDOWS (e88de055aa1bdb72cf6270b17716ad9e)] -> xpath: //input[@id='search-submit']]
2022-12-22 20:12:281 INFO  SearchPage :65 - verifying the result :[[ChromeDriver: chrome on WINDOWS (e88de055aa1bdb72cf6270b17716ad9e)] -> xpath: //span[contains(text(),'We did find these cars that almost match your crit')]]
2022-12-22 20:12:551 INFO  HomePage :38 - Mouse Hover No Click: [[ChromeDriver: chrome on WINDOWS (f3d6f86eeba5571bf146d5fad3c4df67)] -> xpath: //a[normalize-space()='buy + sell']]
2022-12-23 21:12:51 INFO  HomePage :38 - Mouse Hover No Click: [[ChromeDriver: chrome on WINDOWS (813249505ee546b689da2863fd0ffb3a)] -> xpath: //a[normalize-space()='buy + sell']]
2022-12-23 21:12:634 INFO  HomePage :42 - clicking on search cars :[[ChromeDriver: chrome on WINDOWS (813249505ee546b689da2863fd0ffb3a)] -> xpath: //a[normalize-space()='Search Cars']]
2022-12-23 21:12:815 INFO  SearchPage :44 - Selecting make from drop down :[[ChromeDriver: chrome on WINDOWS (813249505ee546b689da2863fd0ffb3a)] -> xpath: //select[@id='makes']]
2022-12-23 21:12:90 INFO  SearchPage :49 - Selecting model from drop down :[[ChromeDriver: chrome on WINDOWS (813249505ee546b689da2863fd0ffb3a)] -> xpath: //select[@id='models']]
2022-12-23 21:12:495 INFO  HomePage :38 - Mouse Hover No Click: [[ChromeDriver: chrome on WINDOWS (e8e5a4615bf06a3603f3dfe8db620eb9)] -> xpath: //a[normalize-space()='buy + sell']]
2022-12-23 21:12:812 INFO  HomePage :42 - clicking on search cars :[[ChromeDriver: chrome on WINDOWS (e8e5a4615bf06a3603f3dfe8db620eb9)] -> xpath: //a[normalize-space()='Search Cars']]
2022-12-23 21:12:60 INFO  SearchPage :44 - Selecting make from drop down :[[ChromeDriver: chrome on WINDOWS (e8e5a4615bf06a3603f3dfe8db620eb9)] -> xpath: //select[@id='makes']]
2022-12-23 21:12:333 INFO  SearchPage :49 - Selecting model from drop down :[[ChromeDriver: chrome on WINDOWS (e8e5a4615bf06a3603f3dfe8db620eb9)] -> xpath: //select[@id='models']]
2022-12-23 21:12:341 INFO  HomePage :38 - Mouse Hover No Click: [[ChromeDriver: chrome on WINDOWS (83832203b761c048bfac5c80d02cc024)] -> xpath: //a[normalize-space()='buy + sell']]
2022-12-23 21:12:910 INFO  HomePage :42 - clicking on search cars :[[ChromeDriver: chrome on WINDOWS (83832203b761c048bfac5c80d02cc024)] -> xpath: //a[normalize-space()='Search Cars']]
2022-12-23 21:12:991 INFO  SearchPage :44 - Selecting make from drop down :[[ChromeDriver: chrome on WINDOWS (83832203b761c048bfac5c80d02cc024)] -> xpath: //select[@id='makes']]
2022-12-23 21:12:534 INFO  SearchPage :49 - Selecting model from drop down :[[ChromeDriver: chrome on WINDOWS (83832203b761c048bfac5c80d02cc024)] -> xpath: //select[@id='models']]
2022-12-23 21:12:330 INFO  HomePage :38 - Mouse Hover No Click: [[ChromeDriver: chrome on WINDOWS (23f1b18f8fbdec0fa87d745d7b91dca4)] -> xpath: //a[normalize-space()='buy + sell']]
2022-12-23 21:12:766 INFO  HomePage :42 - clicking on search cars :[[ChromeDriver: chrome on WINDOWS (23f1b18f8fbdec0fa87d745d7b91dca4)] -> xpath: //a[normalize-space()='Search Cars']]
2022-12-23 21:12:754 INFO  SearchPage :44 - Selecting make from drop down :[[ChromeDriver: chrome on WINDOWS (23f1b18f8fbdec0fa87d745d7b91dca4)] -> xpath: //select[@id='makes']]
2022-12-23 21:12:25 INFO  HomePage :38 - Mouse Hover No Click: [[ChromeDriver: chrome on WINDOWS (e9fb4c7e352764d2ef5162c361d057ee)] -> xpath: //a[normalize-space()='buy + sell']]
2022-12-23 21:12:342 INFO  HomePage :42 - clicking on search cars :[[ChromeDriver: chrome on WINDOWS (e9fb4c7e352764d2ef5162c361d057ee)] -> xpath: //a[normalize-space()='Search Cars']]
2022-12-23 21:12:70 INFO  SearchPage :44 - Selecting make from drop down :[[ChromeDriver: chrome on WINDOWS (e9fb4c7e352764d2ef5162c361d057ee)] -> xpath: //select[@id='makes']]
2022-12-23 21:12:416 INFO  SearchPage :49 - Selecting model from drop down :[[ChromeDriver: chrome on WINDOWS (e9fb4c7e352764d2ef5162c361d057ee)] -> xpath: //select[@id='models']]
2022-12-23 21:12:942 INFO  HomePage :38 - Mouse Hover No Click: [[ChromeDriver: chrome on WINDOWS (281e2f5332d3c3f13cb676aa07c01de9)] -> xpath: //a[normalize-space()='buy + sell']]
2022-12-23 21:12:251 INFO  HomePage :47 - clicking on Used :[[ChromeDriver: chrome on WINDOWS (281e2f5332d3c3f13cb676aa07c01de9)] -> xpath: //a[normalize-space()='Used']]
2022-12-23 21:12:873 INFO  SearchPage :44 - Selecting make from drop down :[[ChromeDriver: chrome on WINDOWS (281e2f5332d3c3f13cb676aa07c01de9)] -> xpath: //select[@id='makes']]
2022-12-23 21:12:849 INFO  SearchPage :49 - Selecting model from drop down :[[ChromeDriver: chrome on WINDOWS (281e2f5332d3c3f13cb676aa07c01de9)] -> xpath: //select[@id='models']]
2022-12-23 21:12:422 INFO  SearchPage :54 - Selecting location from drop down :[[ChromeDriver: chrome on WINDOWS (281e2f5332d3c3f13cb676aa07c01de9)] -> xpath: //select[@id='locations']]
2022-12-23 21:12:33 INFO  SearchPage :58 - Selecting price from drop down :[[ChromeDriver: chrome on WINDOWS (281e2f5332d3c3f13cb676aa07c01de9)] -> xpath: //select[@id='priceTo']]
2022-12-23 21:12:163 INFO  SearchPage :62 - clicking on used :[[ChromeDriver: chrome on WINDOWS (281e2f5332d3c3f13cb676aa07c01de9)] -> xpath: //input[@id='search-submit']]
2022-12-23 21:12:779 INFO  SearchPage :66 - verifying the result :[[ChromeDriver: chrome on WINDOWS (281e2f5332d3c3f13cb676aa07c01de9)] -> xpath: //span[contains(text(),'We did find these cars that almost match your crit')]]
2022-12-23 21:12:306 INFO  HomePage :38 - Mouse Hover No Click: [[ChromeDriver: chrome on WINDOWS (b8612f8843c982b8f37238da2381e919)] -> xpath: //a[normalize-space()='buy + sell']]
2022-12-23 21:12:253 INFO  HomePage :47 - clicking on Used :[[ChromeDriver: chrome on WINDOWS (b8612f8843c982b8f37238da2381e919)] -> xpath: //a[normalize-space()='Used']]
2022-12-23 21:12:532 INFO  SearchPage :44 - Selecting make from drop down :[[ChromeDriver: chrome on WINDOWS (b8612f8843c982b8f37238da2381e919)] -> xpath: //select[@id='makes']]
2022-12-23 21:12:922 INFO  SearchPage :49 - Selecting model from drop down :[[ChromeDriver: chrome on WINDOWS (b8612f8843c982b8f37238da2381e919)] -> xpath: //select[@id='models']]
2022-12-23 21:12:807 INFO  SearchPage :54 - Selecting location from drop down :[[ChromeDriver: chrome on WINDOWS (b8612f8843c982b8f37238da2381e919)] -> xpath: //select[@id='locations']]
2022-12-23 21:12:517 INFO  SearchPage :58 - Selecting price from drop down :[[ChromeDriver: chrome on WINDOWS (b8612f8843c982b8f37238da2381e919)] -> xpath: //select[@id='priceTo']]
2022-12-23 21:12:931 INFO  SearchPage :62 - clicking on used :[[ChromeDriver: chrome on WINDOWS (b8612f8843c982b8f37238da2381e919)] -> xpath: //input[@id='search-submit']]
2022-12-23 21:12:25 INFO  SearchPage :66 - verifying the result :Proxy element for: DefaultElementLocator 'By.xpath: //span[contains(text(),'We did find these cars that almost match your crit')]'
2022-12-23 21:12:411 INFO  HomePage :38 - Mouse Hover No Click: [[ChromeDriver: chrome on WINDOWS (985428b40982300718651316988b9f7e)] -> xpath: //a[normalize-space()='buy + sell']]
2022-12-23 21:12:334 INFO  HomePage :47 - clicking on Used :[[ChromeDriver: chrome on WINDOWS (985428b40982300718651316988b9f7e)] -> xpath: //a[normalize-space()='Used']]
2022-12-23 21:12:16 INFO  SearchPage :44 - Selecting make from drop down :[[ChromeDriver: chrome on WINDOWS (985428b40982300718651316988b9f7e)] -> xpath: //select[@id='makes']]
2022-12-23 21:12:665 INFO  SearchPage :49 - Selecting model from drop down :[[ChromeDriver: chrome on WINDOWS (985428b40982300718651316988b9f7e)] -> xpath: //select[@id='models']]
2022-12-23 21:12:52 INFO  SearchPage :54 - Selecting location from drop down :[[ChromeDriver: chrome on WINDOWS (985428b40982300718651316988b9f7e)] -> xpath: //select[@id='locations']]
2022-12-23 21:12:275 INFO  SearchPage :58 - Selecting price from drop down :[[ChromeDriver: chrome on WINDOWS (985428b40982300718651316988b9f7e)] -> xpath: //select[@id='priceTo']]
2022-12-23 21:12:605 INFO  SearchPage :62 - clicking on used :[[ChromeDriver: chrome on WINDOWS (985428b40982300718651316988b9f7e)] -> xpath: //input[@id='search-submit']]
2022-12-23 21:12:827 INFO  SearchPage :66 - verifying the result :[[ChromeDriver: chrome on WINDOWS (985428b40982300718651316988b9f7e)] -> xpath: //span[contains(text(),'We did find these cars that almost match your crit')]]
2022-12-23 21:12:389 INFO  HomePage :38 - Mouse Hover No Click: [[ChromeDriver: chrome on WINDOWS (8024d781ba92fc238eff9f2358d4c24b)] -> xpath: //a[normalize-space()='buy + sell']]
2022-12-23 21:12:877 INFO  HomePage :47 - clicking on Used :[[ChromeDriver: chrome on WINDOWS (8024d781ba92fc238eff9f2358d4c24b)] -> xpath: //a[normalize-space()='Used']]
2022-12-23 21:12:863 INFO  SearchPage :44 - Selecting make from drop down :[[ChromeDriver: chrome on WINDOWS (8024d781ba92fc238eff9f2358d4c24b)] -> xpath: //select[@id='makes']]
2022-12-23 21:12:405 INFO  SearchPage :49 - Selecting model from drop down :[[ChromeDriver: chrome on WINDOWS (8024d781ba92fc238eff9f2358d4c24b)] -> xpath: //select[@id='models']]
2022-12-23 21:12:674 INFO  SearchPage :54 - Selecting location from drop down :[[ChromeDriver: chrome on WINDOWS (8024d781ba92fc238eff9f2358d4c24b)] -> xpath: //select[@id='locations']]
2022-12-23 21:12:905 INFO  SearchPage :58 - Selecting price from drop down :[[ChromeDriver: chrome on WINDOWS (8024d781ba92fc238eff9f2358d4c24b)] -> xpath: //select[@id='priceTo']]
2022-12-23 21:12:614 INFO  SearchPage :62 - clicking on used :[[ChromeDriver: chrome on WINDOWS (8024d781ba92fc238eff9f2358d4c24b)] -> xpath: //input[@id='search-submit']]
2022-12-23 21:12:811 INFO  SearchPage :66 - verifying the result :Proxy element for: DefaultElementLocator 'By.xpath: //span[contains(text(),'We did find these cars that almost match your crit')]'
2022-12-23 21:12:311 INFO  HomePage :38 - Mouse Hover No Click: [[ChromeDriver: chrome on WINDOWS (c40743bdf2c2da413c4b8156a62f198f)] -> xpath: //a[normalize-space()='buy + sell']]
2022-12-23 21:12:503 INFO  HomePage :47 - clicking on Used :[[ChromeDriver: chrome on WINDOWS (c40743bdf2c2da413c4b8156a62f198f)] -> xpath: //a[normalize-space()='Used']]
2022-12-23 21:12:417 INFO  SearchPage :44 - Selecting make from drop down :[[ChromeDriver: chrome on WINDOWS (c40743bdf2c2da413c4b8156a62f198f)] -> xpath: //select[@id='makes']]
2022-12-23 21:12:803 INFO  SearchPage :49 - Selecting model from drop down :[[ChromeDriver: chrome on WINDOWS (c40743bdf2c2da413c4b8156a62f198f)] -> xpath: //select[@id='models']]
2022-12-23 21:12:48 INFO  SearchPage :54 - Selecting location from drop down :[[ChromeDriver: chrome on WINDOWS (c40743bdf2c2da413c4b8156a62f198f)] -> xpath: //select[@id='locations']]
2022-12-23 21:12:276 INFO  SearchPage :58 - Selecting price from drop down :[[ChromeDriver: chrome on WINDOWS (c40743bdf2c2da413c4b8156a62f198f)] -> xpath: //select[@id='priceTo']]
2022-12-23 21:12:717 INFO  SearchPage :62 - clicking on used :[[ChromeDriver: chrome on WINDOWS (c40743bdf2c2da413c4b8156a62f198f)] -> xpath: //input[@id='search-submit']]
2022-12-23 21:12:374 INFO  SearchPage :66 - verifying the result :[[ChromeDriver: chrome on WINDOWS (c40743bdf2c2da413c4b8156a62f198f)] -> xpath: //span[contains(text(),'We did find these cars that almost match your crit')]]
2022-12-23 21:12:673 INFO  HomePage :38 - Mouse Hover No Click: [[ChromeDriver: chrome on WINDOWS (f270ba6cd4d9c05dfd9e531a308e10ee)] -> xpath: //a[normalize-space()='buy + sell']]
2022-12-23 21:12:608 INFO  HomePage :47 - clicking on Used :[[ChromeDriver: chrome on WINDOWS (f270ba6cd4d9c05dfd9e531a308e10ee)] -> xpath: //a[normalize-space()='Used']]
2022-12-23 21:12:683 INFO  SearchPage :44 - Selecting make from drop down :[[ChromeDriver: chrome on WINDOWS (f270ba6cd4d9c05dfd9e531a308e10ee)] -> xpath: //select[@id='makes']]
2022-12-23 21:12:985 INFO  SearchPage :49 - Selecting model from drop down :[[ChromeDriver: chrome on WINDOWS (f270ba6cd4d9c05dfd9e531a308e10ee)] -> xpath: //select[@id='models']]
2022-12-23 21:12:215 INFO  SearchPage :54 - Selecting location from drop down :[[ChromeDriver: chrome on WINDOWS (f270ba6cd4d9c05dfd9e531a308e10ee)] -> xpath: //select[@id='locations']]
2022-12-23 21:12:460 INFO  SearchPage :58 - Selecting price from drop down :[[ChromeDriver: chrome on WINDOWS (f270ba6cd4d9c05dfd9e531a308e10ee)] -> xpath: //select[@id='priceTo']]
2022-12-23 21:12:643 INFO  SearchPage :62 - clicking on used :[[ChromeDriver: chrome on WINDOWS (f270ba6cd4d9c05dfd9e531a308e10ee)] -> xpath: //input[@id='search-submit']]
2022-12-23 21:12:722 INFO  SearchPage :66 - verifying the result :[[ChromeDriver: chrome on WINDOWS (f270ba6cd4d9c05dfd9e531a308e10ee)] -> xpath: //span[contains(text(),'We did find these cars that almost match your crit')]]
2022-12-23 21:12:191 INFO  HomePage :38 - Mouse Hover No Click: [[ChromeDriver: chrome on WINDOWS (fe1984ce338c4792abe6cb78c6473f3a)] -> xpath: //a[normalize-space()='buy + sell']]
